#
# There is insufficient memory for the Java Runtime Environment to continue.
# Native memory allocation (mmap) failed to map 134217728 bytes for Failed to commit area from 0x0000000081200000 to 0x0000000089200000 of length 134217728.
# Possible reasons:
#   The system is out of physical RAM or swap space
#   The process is running with CompressedOops enabled, and the Java Heap may be blocking the growth of the native heap
# Possible solutions:
#   Reduce memory load on the system
#   Increase physical memory or swap space
#   Check if swap backing store is full
#   Decrease Java heap size (-Xmx/-Xms)
#   Decrease number of Java threads
#   Decrease Java thread stack sizes (-Xss)
#   Set larger code cache with -XX:ReservedCodeCacheSize=
# This output file may be truncated or incomplete.
#
#  Out of Memory Error (./src/hotspot/os/windows/os_windows.cpp:3301), pid=1672, tid=12096
#
# JRE version:  (11.0.10) (build )
# Java VM: OpenJDK 64-Bit Server VM (11.0.10+0-b96-7249189, mixed mode, sharing, tiered, compressed oops, g1 gc, windows-amd64)
# No core dump will be written. Minidumps are not enabled by default on client versions of Windows
#

---------------  S U M M A R Y ------------

Command Line: org.jetbrains.kotlin.cli.jvm.K2JVMCompiler @C:\Users\Admin\Videos\music-player-mockproject-master\app\build\20210823_13056722522054653386.compiler.options

Host: Intel(R) Core(TM) i5-9300HF CPU @ 2.40GHz, 8 cores, 7G,  Windows 10 , 64 bit Build 19041 (10.0.19041.1151)
Time: Mon Aug 23 09:05:23 2021 SE Asia Standard Time elapsed time: 0.012583 seconds (0d 0h 0m 0s)

---------------  T H R E A D  ---------------

Current thread (0x00000261d370d800):  JavaThread "Unknown thread" [_thread_in_vm, id=12096, stack(0x000000ffa4900000,0x000000ffa4a00000)]

Stack: [0x000000ffa4900000,0x000000ffa4a00000]
Native frames: (J=compiled Java code, j=interpreted, Vv=VM code, C=native code)
V  [jvm.dll+0x5ecfaa]
V  [jvm.dll+0x722bd5]
V  [jvm.dll+0x72412d]
V  [jvm.dll+0x7247e3]
V  [jvm.dll+0x242928]
V  [jvm.dll+0x5ea374]
V  [jvm.dll+0x5df425]
V  [jvm.dll+0x2fdebb]
V  [jvm.dll+0x2fde2a]
V  [jvm.dll+0x2fdd02]
V  [jvm.dll+0x302bf6]
V  [jvm.dll+0x34b2a3]
V  [jvm.dll+0x34b9a6]
V  [jvm.dll+0x34b3a3]
V  [jvm.dll+0x2d8888]
V  [jvm.dll+0x2d9a37]
V  [jvm.dll+0x701737]
V  [jvm.dll+0x702f2c]
V  [jvm.dll+0x3587d9]
V  [jvm.dll+0x6e4fae]
V  [jvm.dll+0x3c0be3]
V  [jvm.dll+0x3c2e91]
C  [jli.dll+0x5373]
C  [ucrtbase.dll+0x21bb2]
C  [KERNEL32.DLL+0x17034]
C  [ntdll.dll+0x52651]


---------------  P R O C E S S  ---------------

Threads class SMR info:
_java_thread_list=0x00000261d14240a0, length=0, elements={
}

Java Threads: ( => current thread )

Other Threads:
  0x00000261d3725800 GCTaskThread "GC Thread#0" [stack: 0x000000ffa4a00000,0x000000ffa4b00000] [id=12320]
  0x00000261d3756000 ConcurrentGCThread "G1 Main Marker" [stack: 0x000000ffa4b00000,0x000000ffa4c00000] [id=1116]
  0x00000261d3757800 ConcurrentGCThread "G1 Conc#0" [stack: 0x000000ffa4c00000,0x000000ffa4d00000] [id=13028]

[error occurred during error reporting (printing all threads), id 0xc0000005, EXCEPTION_ACCESS_VIOLATION (0xc0000005) at pc=0x00007fff171b9107]

VM state:not at safepoint (not fully initialized)

VM Mutex/Monitor currently owned by a thread:  ([mutex/lock_event])
[0x00000261d370a5c0] Heap_lock - owner thread: 0x00000261d370d800

Heap address: 0x0000000081200000, size: 2030 MB, Compressed Oops mode: Non-zero based: 0x0000000081200000
Narrow klass base: 0x0000000000000000, Narrow klass shift: 0

GC Heap History (0 events):
No events

Deoptimization events (0 events):
No events

Classes redefined (0 events):
No events

Internal exceptions (0 events):
No events

Events (1 events):
Event: 0.008 Loaded shared library C:\Program Files\Android\Android Studio\jre\bin\zip.dll


Dynamic libraries:
0x00007ff6668b0000 - 0x00007ff6668ba000 	C:\Program Files\Android\Android Studio\jre\bin\java.exe
0x00007fff6af10000 - 0x00007fff6b105000 	C:\WINDOWS\SYSTEM32\ntdll.dll
0x00007fff69260000 - 0x00007fff6931d000 	C:\WINDOWS\System32\KERNEL32.DLL
0x00007fff68a80000 - 0x00007fff68d49000 	C:\WINDOWS\System32\KERNELBASE.dll
0x00007fff68810000 - 0x00007fff68910000 	C:\WINDOWS\System32\ucrtbase.dll
0x00007fff41620000 - 0x00007fff41637000 	C:\Program Files\Android\Android Studio\jre\bin\VCRUNTIME140.dll
0x00007fff40910000 - 0x00007fff40929000 	C:\Program Files\Android\Android Studio\jre\bin\jli.dll
0x00007fff69eb0000 - 0x00007fff6a050000 	C:\WINDOWS\System32\USER32.dll
0x00007fff53bd0000 - 0x00007fff53e6a000 	C:\WINDOWS\WinSxS\amd64_microsoft.windows.common-controls_6595b64144ccf1df_6.0.19041.1110_none_60b5254171f9507e\COMCTL32.dll
0x00007fff68640000 - 0x00007fff68662000 	C:\WINDOWS\System32\win32u.dll
0x00007fff6a140000 - 0x00007fff6a1de000 	C:\WINDOWS\System32\msvcrt.dll
0x00007fff6a640000 - 0x00007fff6a66a000 	C:\WINDOWS\System32\GDI32.dll
0x00007fff68970000 - 0x00007fff68a7b000 	C:\WINDOWS\System32\gdi32full.dll
0x00007fff68770000 - 0x00007fff6880d000 	C:\WINDOWS\System32\msvcp_win.dll
0x00007fff6a050000 - 0x00007fff6a080000 	C:\WINDOWS\System32\IMM32.DLL
0x00007fff3c090000 - 0x00007fff3c12d000 	C:\Program Files\Android\Android Studio\jre\bin\msvcp140.dll
0x00007fff16ed0000 - 0x00007fff1799f000 	C:\Program Files\Android\Android Studio\jre\bin\server\jvm.dll
0x00007fff6a3d0000 - 0x00007fff6a47c000 	C:\WINDOWS\System32\ADVAPI32.dll
0x00007fff6a260000 - 0x00007fff6a2fb000 	C:\WINDOWS\System32\sechost.dll
0x00007fff69120000 - 0x00007fff6924a000 	C:\WINDOWS\System32\RPCRT4.dll
0x00007fff6a130000 - 0x00007fff6a138000 	C:\WINDOWS\System32\PSAPI.DLL
0x00007fff5b1f0000 - 0x00007fff5b217000 	C:\WINDOWS\SYSTEM32\WINMM.dll
0x00007fff5fb10000 - 0x00007fff5fb1a000 	C:\WINDOWS\SYSTEM32\VERSION.dll
0x00007fff513a0000 - 0x00007fff513a9000 	C:\WINDOWS\SYSTEM32\WSOCK32.dll
0x00007fff69b80000 - 0x00007fff69beb000 	C:\WINDOWS\System32\WS2_32.dll
0x00007fff66ed0000 - 0x00007fff66ee2000 	C:\WINDOWS\SYSTEM32\kernel.appcore.dll
0x00007fff63ae0000 - 0x00007fff63af1000 	C:\Program Files\Android\Android Studio\jre\bin\verify.dll
0x00007fff66450000 - 0x00007fff66634000 	C:\WINDOWS\SYSTEM32\DBGHELP.DLL
0x00007fff51920000 - 0x00007fff5194c000 	C:\WINDOWS\SYSTEM32\dbgcore.DLL
0x00007fff68d50000 - 0x00007fff68dd3000 	C:\WINDOWS\System32\bcryptPrimitives.dll
0x00007fff46800000 - 0x00007fff46829000 	C:\Program Files\Android\Android Studio\jre\bin\java.dll
0x00007fff63ad0000 - 0x00007fff63adb000 	C:\Program Files\Android\Android Studio\jre\bin\jimage.dll
0x00007fff63a90000 - 0x00007fff63aa8000 	C:\Program Files\Android\Android Studio\jre\bin\zip.dll

dbghelp: loaded successfully - version: 4.0.5 - missing functions: none
symbol engine: initialized successfully - sym options: 0x614 - pdb path: .;C:\Program Files\Android\Android Studio\jre\bin;C:\WINDOWS\SYSTEM32;C:\WINDOWS\WinSxS\amd64_microsoft.windows.common-controls_6595b64144ccf1df_6.0.19041.1110_none_60b5254171f9507e;C:\Program Files\Android\Android Studio\jre\bin\server

VM Arguments:
java_command: org.jetbrains.kotlin.cli.jvm.K2JVMCompiler @C:\Users\Admin\Videos\music-player-mockproject-master\app\build\20210823_13056722522054653386.compiler.options
java_class_path (initial): C:\Users\Admin\Documents\laptrinhmobile\kotlinAndroid\practice_android\caches\modules-2\files-2.1\org.jetbrains.kotlin\kotlin-compiler-embeddable\1.5.21\40ddbcae9ff100473f95370c2d589ba3fc48eed5\kotlin-compiler-embeddable-1.5.21.jar;C:\Users\Admin\Documents\laptrinhmobile\kotlinAndroid\practice_android\caches\modules-2\files-2.1\org.jetbrains.kotlin\kotlin-reflect\1.5.21\802f1f39735ae1eb2b75714a40fa19bb2e687e96\kotlin-reflect-1.5.21.jar;C:\Users\Admin\Documents\laptrinhmobile\kotlinAndroid\practice_android\caches\modules-2\files-2.1\org.jetbrains.kotlin\kotlin-stdlib\1.5.21\2f537cad7e9eeb9da73738c8812e1e4cf9b62e4e\kotlin-stdlib-1.5.21.jar;C:\Users\Admin\Documents\laptrinhmobile\kotlinAndroid\practice_android\caches\modules-2\files-2.1\org.jetbrains.kotlin\kotlin-script-runtime\1.5.21\96d49e89873fde985750af354b6eabb60cfa999b\kotlin-script-runtime-1.5.21.jar;C:\Users\Admin\Documents\laptrinhmobile\kotlinAndroid\practice_android\caches\modules-2\files-2.1\org.jetbrains.kotlin\kotlin-daemon-embeddable\1.5.21\17255809e66a940dfdf6289bccbdfb5a09f3145\kotlin-daemon-embeddable-1.5.21.jar;C:\Users\Admin\Documents\laptrinhmobile\kotlinAndroid\practice_android\caches\modules-2\files-2.1\org.jetbrains.intellij.deps\trove4j\1.0.20181211\216c2e14b070f334479d800987affe4054cd563f\trove4j-1.0.20181211.jar;C:\Users\Admin\Documents\laptrinhmobile\kotlinAndroid\practice_android\caches\modules-2\files-2.1\org.jetbrains\annotations\13.0\919f0dfe192fb4e063e7dacadee7f8bb9a2672a9\annotations-13.0.jar;C:\Users\Admin\Documents\laptrinhmobile\kotlinAndroid\practice_android\caches\modules-2\files-2.1\org.jetbrains.kotlin\kotlin-stdlib-common\1.5.21\cc8bf3586fd2ebcf234058b9440bb406e62dfacb\kotlin-stdlib-common-1.5.21.jar
Launcher Type: SUN_STANDARD

[Global flags]
     intx CICompilerCount                          = 4                                         {product} {ergonomic}
     uint ConcGCThreads                            = 2                                         {product} {ergonomic}
     uint G1ConcRefinementThreads                  = 8                                         {product} {ergonomic}
   size_t G1HeapRegionSize                         = 1048576                                   {product} {ergonomic}
    uintx GCDrainStackTargetSize                   = 64                                        {product} {ergonomic}
   size_t InitialHeapSize                          = 134217728                                 {product} {ergonomic}
   size_t MarkStackSize                            = 4194304                                   {product} {ergonomic}
   size_t MaxHeapSize                              = 2128609280                                {product} {ergonomic}
   size_t MinHeapDeltaBytes                        = 1048576                                   {product} {ergonomic}
    uintx NonNMethodCodeHeapSize                   = 5836300                                {pd product} {ergonomic}
    uintx NonProfiledCodeHeapSize                  = 122910970                              {pd product} {ergonomic}
    uintx ProfiledCodeHeapSize                     = 122910970                              {pd product} {ergonomic}
    uintx ReservedCodeCacheSize                    = 251658240                              {pd product} {ergonomic}
     bool SegmentedCodeCache                       = true                                      {product} {ergonomic}
     bool UseCompressedClassPointers               = true                                 {lp64_product} {ergonomic}
     bool UseCompressedOops                        = true                                 {lp64_product} {ergonomic}
     bool UseG1GC                                  = true                                      {product} {ergonomic}
     bool UseLargePagesIndividualAllocation        = false                                  {pd product} {ergonomic}

Logging:
Log output configuration:
 #0: stdout all=warning uptime,level,tags
 #1: stderr all=off uptime,level,tags

Environment Variables:
JAVA_HOME=C:\Program Files\Java\jdk1.8.0_261
PATH=C:\Program Files (x86)\Common Files\Oracle\Java\javapath;C:\Windows\system32;C:\Windows;C:\Windows\System32\Wbem;C:\Windows\System32\WindowsPowerShell\v1.0\;C:\Windows\System32\OpenSSH\;C:\Program Files (x86)\NVIDIA Corporation\PhysX\Common;C:\Program Files\NVIDIA Corporation\NVIDIA NvDLISR;C:\WINDOWS\system32;C:\WINDOWS;C:\WINDOWS\System32\Wbem;C:\WINDOWS\System32\WindowsPowerShell\v1.0\;C:\WINDOWS\System32\OpenSSH\;% MAVEN_HOME% \ bin;C:\Program Files\Java\jre1.8.0_261\bin;C:\Program Files\Java\jdk1.8.0_261\bin;C:\Users\Admin\Downloads\apache-tomcat-6.0.2\apache-tomcat-6.0.2;C:\Program Files (x86)\ZeroTier\One\;C:\Program Files\apache-maven-3.6.0\bin;C:\Program Files\Git\cmd;C:\xampp\php;C:\composer;C:\Users\Admin\Documents\cautrucdulieugiaithuat\thuatoansinh;C:\Program Files\MySQL\MySQL Shell 8.0\bin\;C:\Users\Admin\AppData\Local\Programs\Python\Python39\Scripts\;C:\Users\Admin\AppData\Local\Programs\Python\Python39\;C:\Users\Admin\AppData\Local\Microsoft\WindowsApps;C:\Program Files\JetBrains\IntelliJ IDEA Community Edition 2020.2\bin;;C:\Users\Admin\AppData\Local\GitHubDesktop\bin;C:\Users\Admin\AppData\Local\Programs\Microsoft VS Code\bin;C:\Users\Admin\AppData\Roaming\Composer\vendor\bin;C:\Program Files\JetBrains\IntelliJ IDEA 2021.2\bin;
USERNAME=Admin
OS=Windows_NT
PROCESSOR_IDENTIFIER=Intel64 Family 6 Model 158 Stepping 13, GenuineIntel



---------------  S Y S T E M  ---------------

OS: Windows 10 , 64 bit Build 19041 (10.0.19041.1151)
OS uptime: 0 days 19:18 hours

CPU:total 8 (initial active 8) (4 cores per cpu, 2 threads per core) family 6 model 158 stepping 13 microcode 0xde, cmov, cx8, fxsr, mmx, sse, sse2, sse3, ssse3, sse4.1, sse4.2, popcnt, avx, avx2, aes, clmul, erms, 3dnowpref, lzcnt, ht, tsc, tscinvbit, bmi1, bmi2, adx, fma

Memory: 4k page, system-wide physical 8112M (578M free)
TotalPageFile size 16304M (AvailPageFile size 81M)
current process WorkingSet (physical memory assigned to process): 9M, peak: 9M
current process commit charge ("private bytes"): 60M, peak: 187M

vm_info: OpenJDK 64-Bit Server VM (11.0.10+0-b96-7249189) for windows-amd64 JRE (11.0.10+0-b96-7249189), built on Mar 31 2021 21:44:00 by "builder" with MS VC++ 14.0 (VS2015)

END.
